<?xml version="1.0" encoding="UTF-8"?>
<!-- Generated by org.testng.reporters.JUnitXMLReporter -->
<testsuite ignored="0" hostname="DESKTOP-LR9MGE6" failures="0" tests="3" name="Test" time="19.134" errors="0" timestamp="2024-07-28T17:59:08 IST">
  <testcase classname="com.ContinousIntegration.ContinousIntegration.TestClass1" name="Test1" time="4.23"/>
  <testcase classname="com.ContinousIntegration.ContinousIntegration.TestClass1" name="Test2" time="2.471"/>
  <testcase classname="com.ContinousIntegration.ContinousIntegration.TestClass1" name="Test3" time="3.707"/>
</testsuite> <!-- Test -->
