<?xml version="1.0" encoding="UTF-8"?>
<testng-results ignored="0" total="3" passed="3" failed="0" skipped="0">
  <reporter-output>
  </reporter-output>
  <suite started-at="2024-07-28T18:03:03 IST" name="Suite" finished-at="2024-07-28T18:03:21 IST" duration-ms="18267">
    <groups>
    </groups>
    <test started-at="2024-07-28T18:03:03 IST" name="Test" finished-at="2024-07-28T18:03:21 IST" duration-ms="18267">
      <class name="com.ContinousIntegration.ContinousIntegration.TestClass1">
        <test-method is-config="true" signature="launchDriver()[pri:0, instance:com.ContinousIntegration.ContinousIntegration.TestClass1@1ab3a8c8]" started-at="2024-07-28T18:03:03 IST" name="launchDriver" finished-at="2024-07-28T18:03:07 IST" duration-ms="3927" status="PASS">
          <reporter-output>
          </reporter-output>
        </test-method> <!-- launchDriver -->
        <test-method signature="Test1()[pri:0, instance:com.ContinousIntegration.ContinousIntegration.TestClass1@1ab3a8c8]" started-at="2024-07-28T18:03:07 IST" name="Test1" finished-at="2024-07-28T18:03:10 IST" duration-ms="2627" status="PASS">
          <reporter-output>
          </reporter-output>
        </test-method> <!-- Test1 -->
        <test-method is-config="true" signature="quit()[pri:0, instance:com.ContinousIntegration.ContinousIntegration.TestClass1@1ab3a8c8]" started-at="2024-07-28T18:03:10 IST" name="quit" finished-at="2024-07-28T18:03:10 IST" duration-ms="393" status="PASS">
          <reporter-output>
          </reporter-output>
        </test-method> <!-- quit -->
        <test-method is-config="true" signature="launchDriver()[pri:0, instance:com.ContinousIntegration.ContinousIntegration.TestClass1@1ab3a8c8]" started-at="2024-07-28T18:03:10 IST" name="launchDriver" finished-at="2024-07-28T18:03:12 IST" duration-ms="1959" status="PASS">
          <reporter-output>
          </reporter-output>
        </test-method> <!-- launchDriver -->
        <test-method signature="Test2()[pri:0, instance:com.ContinousIntegration.ContinousIntegration.TestClass1@1ab3a8c8]" started-at="2024-07-28T18:03:12 IST" name="Test2" finished-at="2024-07-28T18:03:14 IST" duration-ms="2170" status="PASS">
          <reporter-output>
          </reporter-output>
        </test-method> <!-- Test2 -->
        <test-method is-config="true" signature="quit()[pri:0, instance:com.ContinousIntegration.ContinousIntegration.TestClass1@1ab3a8c8]" started-at="2024-07-28T18:03:14 IST" name="quit" finished-at="2024-07-28T18:03:15 IST" duration-ms="292" status="PASS">
          <reporter-output>
          </reporter-output>
        </test-method> <!-- quit -->
        <test-method is-config="true" signature="launchDriver()[pri:0, instance:com.ContinousIntegration.ContinousIntegration.TestClass1@1ab3a8c8]" started-at="2024-07-28T18:03:15 IST" name="launchDriver" finished-at="2024-07-28T18:03:16 IST" duration-ms="1871" status="PASS">
          <reporter-output>
          </reporter-output>
        </test-method> <!-- launchDriver -->
        <test-method signature="Test3()[pri:0, instance:com.ContinousIntegration.ContinousIntegration.TestClass1@1ab3a8c8]" started-at="2024-07-28T18:03:16 IST" name="Test3" finished-at="2024-07-28T18:03:21 IST" duration-ms="4585" status="PASS">
          <reporter-output>
          </reporter-output>
        </test-method> <!-- Test3 -->
        <test-method is-config="true" signature="quit()[pri:0, instance:com.ContinousIntegration.ContinousIntegration.TestClass1@1ab3a8c8]" started-at="2024-07-28T18:03:21 IST" name="quit" finished-at="2024-07-28T18:03:21 IST" duration-ms="346" status="PASS">
          <reporter-output>
          </reporter-output>
        </test-method> <!-- quit -->
      </class> <!-- com.ContinousIntegration.ContinousIntegration.TestClass1 -->
    </test> <!-- Test -->
  </suite> <!-- Suite -->
</testng-results>
