<?xml version="1.0" encoding="UTF-8"?>
<testng-results ignored="0" total="3" passed="3" failed="0" skipped="0">
  <reporter-output>
  </reporter-output>
  <suite started-at="2024-07-28T17:58:49 IST" name="Suite" finished-at="2024-07-28T17:59:08 IST" duration-ms="19134">
    <groups>
    </groups>
    <test started-at="2024-07-28T17:58:49 IST" name="Test" finished-at="2024-07-28T17:59:08 IST" duration-ms="19134">
      <class name="com.ContinousIntegration.ContinousIntegration.TestClass1">
        <test-method is-config="true" signature="launchDriver()[pri:0, instance:com.ContinousIntegration.ContinousIntegration.TestClass1@7dcf94f8]" started-at="2024-07-28T17:58:49 IST" name="launchDriver" finished-at="2024-07-28T17:58:53 IST" duration-ms="3721" status="PASS">
          <reporter-output>
          </reporter-output>
        </test-method> <!-- launchDriver -->
        <test-method signature="Test1()[pri:0, instance:com.ContinousIntegration.ContinousIntegration.TestClass1@7dcf94f8]" started-at="2024-07-28T17:58:53 IST" name="Test1" finished-at="2024-07-28T17:58:57 IST" duration-ms="4230" status="PASS">
          <reporter-output>
          </reporter-output>
        </test-method> <!-- Test1 -->
        <test-method is-config="true" signature="quit()[pri:0, instance:com.ContinousIntegration.ContinousIntegration.TestClass1@7dcf94f8]" started-at="2024-07-28T17:58:57 IST" name="quit" finished-at="2024-07-28T17:58:58 IST" duration-ms="390" status="PASS">
          <reporter-output>
          </reporter-output>
        </test-method> <!-- quit -->
        <test-method is-config="true" signature="launchDriver()[pri:0, instance:com.ContinousIntegration.ContinousIntegration.TestClass1@7dcf94f8]" started-at="2024-07-28T17:58:58 IST" name="launchDriver" finished-at="2024-07-28T17:58:59 IST" duration-ms="1914" status="PASS">
          <reporter-output>
          </reporter-output>
        </test-method> <!-- launchDriver -->
        <test-method signature="Test2()[pri:0, instance:com.ContinousIntegration.ContinousIntegration.TestClass1@7dcf94f8]" started-at="2024-07-28T17:58:59 IST" name="Test2" finished-at="2024-07-28T17:59:02 IST" duration-ms="2471" status="PASS">
          <reporter-output>
          </reporter-output>
        </test-method> <!-- Test2 -->
        <test-method is-config="true" signature="quit()[pri:0, instance:com.ContinousIntegration.ContinousIntegration.TestClass1@7dcf94f8]" started-at="2024-07-28T17:59:02 IST" name="quit" finished-at="2024-07-28T17:59:02 IST" duration-ms="368" status="PASS">
          <reporter-output>
          </reporter-output>
        </test-method> <!-- quit -->
        <test-method is-config="true" signature="launchDriver()[pri:0, instance:com.ContinousIntegration.ContinousIntegration.TestClass1@7dcf94f8]" started-at="2024-07-28T17:59:02 IST" name="launchDriver" finished-at="2024-07-28T17:59:04 IST" duration-ms="1935" status="PASS">
          <reporter-output>
          </reporter-output>
        </test-method> <!-- launchDriver -->
        <test-method signature="Test3()[pri:0, instance:com.ContinousIntegration.ContinousIntegration.TestClass1@7dcf94f8]" started-at="2024-07-28T17:59:04 IST" name="Test3" finished-at="2024-07-28T17:59:08 IST" duration-ms="3707" status="PASS">
          <reporter-output>
          </reporter-output>
        </test-method> <!-- Test3 -->
        <test-method is-config="true" signature="quit()[pri:0, instance:com.ContinousIntegration.ContinousIntegration.TestClass1@7dcf94f8]" started-at="2024-07-28T17:59:08 IST" name="quit" finished-at="2024-07-28T17:59:08 IST" duration-ms="307" status="PASS">
          <reporter-output>
          </reporter-output>
        </test-method> <!-- quit -->
      </class> <!-- com.ContinousIntegration.ContinousIntegration.TestClass1 -->
    </test> <!-- Test -->
  </suite> <!-- Suite -->
</testng-results>
